Error: src/views/erp/product/category/index.vue(62,23): error TS2339: Property 'dateFormatter' does not exist on type '{ $: ComponentInternalInstance; $data: {}; $props: Partial<{}> & Omit<{} & VNodeProps & AllowedComponentProps & ComponentCustomProps & Readonly<...>, never>; ... 10 more ...; $watch<T extends string | ((...args: any) => any)>(source: T, cb: T extends (...args: any) => infer R ? (args_0: R, args_1: R) => any : (...ar...'.
Error: src/views/erp/product/unit/index.vue(58,23): error TS2339: Property 'dateFormatter' does not exist on type '{ $: ComponentInternalInstance; $data: {}; $props: Partial<{}> & Omit<{} & VNodeProps & AllowedComponentProps & ComponentCustomProps & Readonly<...>, never>; ... 10 more ...; $watch<T extends string | ((...args: any) => any)>(source: T, cb: T extends (...args: any) => infer R ? (args_0: R, args_1: R) => any : (...ar...'.
Error: src/views/erp/sale/customer/index.vue(61,23): error TS2339: Property 'dateFormatter' does not exist on type '{ $: ComponentInternalInstance; $data: {}; $props: Partial<{}> & Omit<{} & VNodeProps & AllowedComponentProps & ComponentCustomProps & Readonly<...>, never>; ... 10 more ...; $watch<T extends string | ((...args: any) => any)>(source: T, cb: T extends (...args: any) => infer R ? (args_0: R, args_1: R) => any : (...ar...'.
Error: src/views/erp/saltprocess/shipping/components/EnhancedShippingImportDialog.vue(92,37): error TS2339: Property 'console' does not exist on type '{ $: ComponentInternalInstance; $data: {}; $props: Partial<{}> & Omit<{ readonly visible: boolean; onSuccess?: (listId?: string) => any; "onUpdate:visible"?: (value: boolean) => any; "onView-existing-batch"?: (data: { ...; }) => any; } & ... 4 more ... & { ...; }, never>; ... 10 more ...; $watch<T extends string | (...'.
Error: src/views/erp/saltprocess/shipping/components/EnhancedShippingImportDialog.vue(93,36): error TS2339: Property 'console' does not exist on type '{ $: ComponentInternalInstance; $data: {}; $props: Partial<{}> & Omit<{ readonly visible: boolean; onSuccess?: (listId?: string) => any; "onUpdate:visible"?: (value: boolean) => any; "onView-existing-batch"?: (data: { ...; }) => any; } & ... 4 more ... & { ...; }, never>; ... 10 more ...; $watch<T extends string | (...'.
Error: src/views/erp/purchase/supplier/index.vue(70,23): error TS2339: Property 'dateFormatter' does not exist on type '{ $: ComponentInternalInstance; $data: {}; $props: Partial<{}> & Omit<{} & VNodeProps & AllowedComponentProps & ComponentCustomProps & Readonly<...>, never>; ... 10 more ...; $watch<T extends string | ((...args: any) => any)>(source: T, cb: T extends (...args: any) => infer R ? (args_0: R, args_1: R) => any : (...ar...'.
Error: src/views/erp/subsystem/components/SubsystemForm.vue(231,5): error TS2322: Type '{ id: string; projectCode: string; projectName: string; status: number; }[]' is not assignable to type '{ id: string; name: string; }[]'.
  Property 'name' is missing in type '{ id: string; projectCode: string; projectName: string; status: number; }' but required in type '{ id: string; name: string; }'.
Error: src/views/erp/purchase/order/PurchaseOrderForm.vue(228,7): error TS2322: Type 'PurchaseOrderForm' is not assignable to type '{ id: any; supplierId: any; accountId: any; orderTime: any; fileUrl: string; remark: any; discountPercent: number; discountPrice: number; totalPrice: number; depositPrice: number; items: any[]; no: any; }'.
  Property 'id' is optional in type 'PurchaseOrderForm' but required in type '{ id: any; supplierId: any; accountId: any; orderTime: any; fileUrl: string; remark: any; discountPercent: number; discountPrice: number; totalPrice: number; depositPrice: number; items: any[]; no: any; }'.
Error: src/views/erp/saltprocess/equipment-system/components/ProjectEquipmentSystemAssociateForm.vue(294,5): error TS2322: Type 'PageResult<EquipmentSystemTemplateVO> | EquipmentSystemTemplateVO[]' is not assignable to type '{ id: string | number; templateCode: string; templateName: string; systemType: string; category?: string; description?: string; subsystemCount?: number; totalItems?: number; totalMaterials?: number; ... 8 more ...; updateTime?: string; }[]'.
  Type 'PageResult<EquipmentSystemTemplateVO>' is missing the following properties from type '{ id: string | number; templateCode: string; templateName: string; systemType: string; category?: string; description?: string; subsystemCount?: number; totalItems?: number; totalMaterials?: number; ... 8 more ...; updateTime?: string; }[]': length, pop, push, concat, and 29 more.
Error: src/views/erp/subsystem/template/index.vue(239,3): error TS2322: Type '(string | number)[]' is not assignable to type 'number[]'.
Error: src/views/erp/saltprocess/saltmaking/components/SaltmakingTaskForm.vue(330,5): error TS2322: Type '"TERNARY_SALT"' is not assignable to type 'SaltType'.
Error: src/views/erp/saltprocess/saltmaking/components/SaltmakingTaskForm.vue(333,5): error TS2322: Type '"BINARY_SALT"' is not assignable to type 'SaltType'.
Error: src/views/erp/subsystem/index.vue(250,3): error TS2322: Type '(string | number)[]' is not assignable to type 'number[]'.
  Type 'string | number' is not assignable to type 'number'.
    Type 'string' is not assignable to type 'number'.
Error: src/views/erp/saltprocess/dashboard/index.vue(332,45): error TS2345: Argument of type '"DAILY"' is not assignable to parameter of type 'AnalysisPeriod'.
Error: src/views/erp/saltprocess/records/ternary/components/ImportDialog.vue(338,7): error TS2322: Type '{ recordCode: any; batchNumber: any; projectId: any; recordDate: any; shift: number; duration: number; nano3TargetRatio: number; nano3ActualRatio: number; nano3TargetWeight: number; nano3ActualWeight: number; ... 15 more ...; remark: any; }[]' is not assignable to type '{ id?: string; recordCode: string; batchNumber: string; projectId: number; recordDate: string; startTime: string; endTime: string; duration?: number; shift: number; nano3TargetRatio: number; nano3ActualRatio: number; ... 36 more ...; remark?: string; }[]'.
  Type '{ recordCode: any; batchNumber: any; projectId: any; recordDate: any; shift: number; duration: number; nano3TargetRatio: number; nano3ActualRatio: number; nano3TargetWeight: number; nano3ActualWeight: number; ... 15 more ...; remark: any; }' is missing the following properties from type '{ id?: string; recordCode: string; batchNumber: string; projectId: number; recordDate: string; startTime: string; endTime: string; duration?: number; shift: number; nano3TargetRatio: number; nano3ActualRatio: number; ... 36 more ...; remark?: string; }': startTime, endTime, thermalStability, chemicalStability, and 13 more.
Error: src/views/erp/saltprocess/preheating/monitor.vue(355,53): error TS2554: Expected 1-2 arguments, but got 3.
Error: src/views/erp/saltprocess/preheating/monitor.vue(356,50): error TS2554: Expected 1-2 arguments, but got 3.
Error: src/views/erp/saltprocess/records/ternary/components/EditForm.vue(378,3): error TS2322: Type 'string' is not assignable to type 'number'.
Error: src/views/erp/saltprocess/preheating/inspection.vue(405,42): error TS2554: Expected 0 arguments, but got 1.
Error: src/views/erp/subsystem/material-template/index.vue(347,3): error TS2322: Type '(string | number)[]' is not assignable to type 'number[]'.
Error: src/views/erp/subsystem/material-template/index.vue(369,38): error TS2345: Argument of type 'string | number' is not assignable to parameter of type 'number'.
  Type 'string' is not assignable to type 'number'.
Error: src/views/erp/saltprocess/quality/index.vue(418,3): error TS2322: Type '[]' is not assignable to type '[string, string]'.
  Source has 0 element(s) but target requires 2.
Error: src/views/erp/saltprocess/analytics/index.vue(423,47): error TS2345: Argument of type '{ type: string; dateRange: any[]; projectId: string; processType: string; }' is not assignable to parameter of type 'AnalysisPeriod'.
Error: src/views/erp/subsystem/material-template/index.vue(426,7): error TS2345: Argument of type '{ name: string; pageNum: number; pageSize: number; }' is not assignable to parameter of type 'MaterialQuery'.
  Object literal may only specify known properties, and 'name' does not exist in type 'MaterialQuery'.
Error: src/views/erp/saltprocess/preheating/task.vue(411,5): error TS2740: Type 'PageResult<PreheatingInspectionVO>' is missing the following properties from type '{ id: string; taskId: string; inspectionCode: string; inspectorId: string; inspectorName: string; inspectionTime: string; checkPoints: { pointId: string; pointName: string; checkType: "VISUAL" | "MEASUREMENT" | "FUNCTIONAL"; ... 4 more ...; remarks?: string; }[]; ... 4 more ...; createTime: string; }[]': length, pop, push, concat, and 29 more.
Error: src/views/erp/saltprocess/shipping/components/ShippingImportDialog.vue(528,7): error TS2322: Type '{ id: string | number; name: string; }[]' is not assignable to type '{ id: string; name: string; }[]'.
  Type '{ id: string | number; name: string; }' is not assignable to type '{ id: string; name: string; }'.
    Types of property 'id' are incompatible.
      Type 'string | number' is not assignable to type 'string'.
        Type 'number' is not assignable to type 'string'.
Error: src/views/erp/saltprocess/analytics/index.vue(475,50): error TS2345: Argument of type '{ type: string; dateRange: any[]; projectId: string; processType: string; }' is not assignable to parameter of type 'AnalysisPeriod'.
Error: src/views/erp/saltprocess/records/excel-import/components/EnhancedImportDialog.vue(451,19): error TS2339: Property 'setProgressCallback' does not exist on type 'ExcelParser'.
Error: src/views/erp/saltprocess/preheating/monitor.vue(541,33): error TS2554: Expected 1 arguments, but got 2.
Error: src/views/erp/saltprocess/records/excel-import/components/EnhancedImportDialog.vue(456,38): error TS2576: Property 'parseFile' does not exist on type 'ExcelParser'. Did you mean to access the static member 'ExcelParser.parseFile' instead?
Error: src/views/erp/saltprocess/quality/index.vue(530,25): error TS2339: Property 'testCode' does not exist on type 'QualityTestVO'.
Error: src/views/erp/saltprocess/quality/index.vue(530,89): error TS2339: Property 'testCode' does not exist on type '{ id: string; inspectionNo: string; batchNo: string; itemId: string; itemName: string; itemCode: string; standardValue: string; actualValue: string; unit: string; tolerance: string; testMethod: string; ... 7 more ...; createTime: string; }'.
Error: src/views/erp/saltprocess/saltmaking/monitor.vue(492,37): error TS2339: Property 'actualRatio' does not exist on type 'SaltmakingRatioData'.
Error: src/views/erp/saltprocess/records/excel-import/components/EnhancedImportDialog.vue(480,34): error TS2339: Property 'importMoltenSaltInventory' does not exist on type 'ExcelParser'.
Error: src/views/erp/saltprocess/records/excel-import/components/EnhancedImportDialog.vue(482,34): error TS2339: Property 'importSaltProcess' does not exist on type 'ExcelParser'.
Error: src/views/erp/saltprocess/saltmaking/monitor.vue(507,38): error TS2554: Expected 1 arguments, but got 3.
Error: src/views/erp/saltprocess/saltmaking/monitor.vue(508,38): error TS2554: Expected 1 arguments, but got 3.
Error: src/views/erp/saltprocess/quality/index.vue(557,25): error TS2339: Property 'testCode' does not exist on type 'QualityTestVO'.
Error: src/views/erp/saltprocess/quality/index.vue(557,89): error TS2339: Property 'testCode' does not exist on type '{ id: string; inspectionNo: string; batchNo: string; itemId: string; itemName: string; itemCode: string; standardValue: string; actualValue: string; unit: string; tolerance: string; testMethod: string; ... 7 more ...; createTime: string; }'.
Error: src/views/erp/saltprocess/records/excel-import/components/EnhancedImportDialog.vue(517,34): error TS2339: Property 'importMoltenSaltInventory' does not exist on type 'ExcelParser'.
Error: src/views/erp/saltprocess/records/excel-import/components/EnhancedImportDialog.vue(519,34): error TS2339: Property 'importSaltProcess' does not exist on type 'ExcelParser'.
Error: src/views/erp/saltprocess/quality/index.vue(589,26): error TS2339: Property 'testCode' does not exist on type 'QualityTestVO'.
Error: src/views/erp/saltprocess/quality/index.vue(589,42): error TS2339: Property 'testCode' does not exist on type 'QualityTestVO'.
Error: src/views/erp/saltprocess/quality/index.vue(590,82): error TS2339: Property 'testCode' does not exist on type '{ id: string; inspectionNo: string; batchNo: string; itemId: string; itemName: string; itemCode: string; standardValue: string; actualValue: string; unit: string; tolerance: string; testMethod: string; ... 7 more ...; createTime: string; }'.
Error: src/views/erp/saltprocess/records/binary/components/ImportDialog.vue(641,42): error TS2576: Property 'parseFile' does not exist on type 'ExcelParser'. Did you mean to access the static member 'ExcelParser.parseFile' instead?
Error: src/views/erp/saltprocess/saltmaking/monitor.vue(688,33): error TS2554: Expected 1 arguments, but got 2.
Error: src/views/erp/saltprocess/records/binary/components/ImportDialog.vue(650,36): error TS2339: Property 'importMoltenSaltInventory' does not exist on type 'ExcelParser'.
Error: src/views/erp/saltprocess/records/binary/components/ImportDialog.vue(652,36): error TS2339: Property 'importSaltProcess' does not exist on type 'ExcelParser'.
Error: src/views/erp/saltprocess/analytics/index.vue(740,11): error TS2554: Expected 2 arguments, but got 1.
Error: src/views/erp/subsystem/item-template/index.vue(837,64): error TS2345: Argument of type '{ id: string | number; materialId: string | number; defaultQuantity: number; remarks: string; }[]' is not assignable to parameter of type 'SubsystemMaterialTemplateForm[]'.
  Property 'isRequired' is missing in type '{ id: string | number; materialId: string | number; defaultQuantity: number; remarks: string; }' but required in type 'SubsystemMaterialTemplateForm'.
Error: src/views/erp/subsystem/template/components/ItemTemplateManagement.vue(1256,66): error TS2345: Argument of type '{ id: string | number; materialId: string | number; materialCode: string; templateId: string | number; defaultQuantity: number; remarks: string; }[]' is not assignable to parameter of type 'SubsystemMaterialTemplateForm[]'.
  Property 'isRequired' is missing in type '{ id: string | number; materialId: string | number; materialCode: string; templateId: string | number; defaultQuantity: number; remarks: string; }' but required in type 'SubsystemMaterialTemplateForm'.
Error: src/api/erp/saltprocess/shipping/mock-service.ts(86,7): error TS2322: Type 'ApiResponse<{ records: ShippingListVO[]; total: number; size: number; current: number; pages: number; }>' is not assignable to type 'ApiResponse<PageResult<ShippingListVO>>'.
  Type '{ records: ShippingListVO[]; total: number; size: number; current: number; pages: number; }' is missing the following properties from type 'PageResult<ShippingListVO>': pageNum, pageSize
Error: src/api/erp/saltprocess/shipping/mock-service.ts(411,61): error TS2362: The left-hand side of an arithmetic operation must be of type 'any', 'number', 'bigint' or an enum type.
Error: src/api/erp/saltprocess/shipping/mock-service.ts(412,61): error TS2362: The left-hand side of an arithmetic operation must be of type 'any', 'number', 'bigint' or an enum type.
Error: Process completed with exit code 1.